2026-07-14 10:40:32 | INFO     | __main__:main:102 - Starting vernacular-creator-agents pipeline
2026-07-14 10:40:32 | INFO     | __main__:main:103 - Brief: test brief
2026-07-14 10:40:32 | INFO     | __main__:main:104 - Send mode: False
2026-07-14 10:40:32 | INFO     | __main__:main:105 - Approve each: False
2026-07-14 10:40:32 | INFO     | __main__:main:106 - Max creators: 10
2026-07-14 10:40:32 | INFO     | __main__:main:111 - Database initialised at data/agents.db
2026-07-14 10:40:32 | INFO     | __main__:main:121 - Dry-run mode — Instagram client not initialised
2026-07-14 10:41:20 | INFO     | __main__:main:102 - Starting vernacular-creator-agents pipeline
2026-07-14 10:41:20 | INFO     | __main__:main:103 - Brief: test brief
2026-07-14 10:41:20 | INFO     | __main__:main:104 - Send mode: False
2026-07-14 10:41:20 | INFO     | __main__:main:105 - Approve each: False
2026-07-14 10:41:20 | INFO     | __main__:main:106 - Max creators: 10
2026-07-14 10:41:20 | INFO     | __main__:main:111 - Database initialised at data/agents.db
2026-07-14 10:41:20 | INFO     | __main__:main:121 - Dry-run mode — Instagram client not initialised
2026-07-14 10:43:17 | INFO     | __main__:main:102 - Starting vernacular-creator-agents pipeline
2026-07-14 10:43:17 | INFO     | __main__:main:103 - Brief: test brief
2026-07-14 10:43:17 | INFO     | __main__:main:104 - Send mode: False
2026-07-14 10:43:17 | INFO     | __main__:main:105 - Approve each: False
2026-07-14 10:43:17 | INFO     | __main__:main:106 - Max creators: 10
2026-07-14 10:43:17 | INFO     | __main__:main:111 - Database initialised at data/agents.db
2026-07-14 10:43:17 | INFO     | __main__:main:121 - Dry-run mode — Instagram client not initialised
2026-07-14 10:45:46 | INFO     | __main__:main:273 - Starting check_replies
2026-07-14 10:45:46 | INFO     | __main__:main:274 - Dry-run: True
2026-07-14 10:45:46 | INFO     | __main__:main:275 - Limit: None
2026-07-14 10:45:46 | INFO     | __main__:main:281 - Database initialised at data/agents.db
2026-07-14 10:45:46 | INFO     | __main__:main:293 - Found 0 candidate conversations to check
2026-07-14 10:45:46 | INFO     | __main__:main:401 - Check replies complete: {'checked': 0, 'new_replies': 0, 'counter_offers_sent': 0, 'accepted': 0, 'contracts_generated': 0}
2026-07-14 10:46:28 | INFO     | __main__:main:273 - Starting check_replies
2026-07-14 10:46:28 | INFO     | __main__:main:274 - Dry-run: True
2026-07-14 10:46:28 | INFO     | __main__:main:275 - Limit: None
2026-07-14 10:46:28 | INFO     | __main__:main:281 - Database initialised at data/agents.db
2026-07-14 10:46:28 | INFO     | __main__:main:293 - Found 0 candidate conversations to check
2026-07-14 10:46:28 | INFO     | __main__:main:401 - Check replies complete: {'checked': 0, 'new_replies': 0, 'counter_offers_sent': 0, 'accepted': 0, 'contracts_generated': 0}
2026-07-14 10:53:29 | INFO     | __main__:main:273 - Starting check_replies
2026-07-14 10:53:29 | INFO     | __main__:main:274 - Dry-run: True
2026-07-14 10:53:29 | INFO     | __main__:main:275 - Limit: None
2026-07-14 10:53:29 | INFO     | __main__:main:281 - Database initialised at data/agents.db
2026-07-14 10:53:29 | INFO     | __main__:main:293 - Found 0 candidate conversations to check
2026-07-14 10:53:29 | INFO     | __main__:main:401 - Check replies complete: {'checked': 0, 'new_replies': 0, 'counter_offers_sent': 0, 'accepted': 0, 'contracts_generated': 0}
2026-07-14 10:56:55 | INFO     | __main__:main:102 - Starting vernacular-creator-agents pipeline
2026-07-14 10:56:55 | INFO     | __main__:main:103 - Brief: test brief
2026-07-14 10:56:55 | INFO     | __main__:main:104 - Send mode: False
2026-07-14 10:56:55 | INFO     | __main__:main:105 - Approve each: False
2026-07-14 10:56:55 | INFO     | __main__:main:106 - Max creators: 10
2026-07-14 10:56:55 | INFO     | __main__:main:111 - Database initialised at data/agents.db
2026-07-14 10:56:55 | INFO     | __main__:main:121 - Dry-run mode — Instagram client not initialised
2026-07-14 10:57:01 | INFO     | __main__:main:273 - Starting check_replies
2026-07-14 10:57:01 | INFO     | __main__:main:274 - Dry-run: True
2026-07-14 10:57:01 | INFO     | __main__:main:275 - Limit: None
2026-07-14 10:57:01 | INFO     | __main__:main:281 - Database initialised at data/agents.db
2026-07-14 10:57:01 | INFO     | __main__:main:293 - Found 0 candidate conversations to check
2026-07-14 10:57:01 | INFO     | __main__:main:401 - Check replies complete: {'checked': 0, 'new_replies': 0, 'counter_offers_sent': 0, 'accepted': 0, 'contracts_generated': 0}
2026-07-14 11:02:39 | INFO     | __main__:main:273 - Starting check_replies
2026-07-14 11:02:39 | INFO     | __main__:main:274 - Dry-run: True
2026-07-14 11:02:39 | INFO     | __main__:main:275 - Limit: None
2026-07-14 11:02:39 | INFO     | __main__:main:281 - Database initialised at data/agents.db
2026-07-14 11:02:39 | INFO     | __main__:main:293 - Found 0 candidate conversations to check
2026-07-14 11:02:39 | INFO     | __main__:main:401 - Check replies complete: {'checked': 0, 'new_replies': 0, 'counter_offers_sent': 0, 'accepted': 0, 'contracts_generated': 0}
2026-07-14 11:15:29 | INFO     | __main__:main:102 - Starting vernacular-creator-agents pipeline
2026-07-14 11:15:29 | INFO     | __main__:main:103 - Brief: test brief
2026-07-14 11:15:29 | INFO     | __main__:main:104 - Send mode: False
2026-07-14 11:15:29 | INFO     | __main__:main:105 - Approve each: False
2026-07-14 11:15:29 | INFO     | __main__:main:106 - Max creators: 10
2026-07-14 11:15:29 | INFO     | __main__:main:111 - Database initialised at data/agents.db
2026-07-14 11:15:29 | INFO     | __main__:main:121 - Dry-run mode — Instagram client not initialised
2026-07-14 11:15:42 | INFO     | __main__:main:136 - ============================================================
2026-07-14 11:15:42 | INFO     | __main__:main:137 - CAMPAIGN SUMMARY
2026-07-14 11:15:42 | INFO     | __main__:main:138 - ============================================================
2026-07-14 11:15:42 | INFO     | __main__:main:139 - 
{
  "brief_id": 9,
  "creators_found": 0,
  "suggestions_saved": 0,
  "dms_attempted": 0,
  "dms_sent": 0,
  "dry_run": true,
  "total_tokens": 0
}
2026-07-14 11:15:42 | INFO     | __main__:main:140 - ============================================================
2026-07-14 19:26:15 | INFO     | __main__:main:245 - ==================================================
2026-07-14 19:26:15 | INFO     | __main__:main:246 - Autonomous Campaign Runner
2026-07-14 19:26:15 | INFO     | __main__:main:247 - Mode: DRY-RUN
2026-07-14 19:26:15 | INFO     | __main__:main:248 - Interval: 300s
2026-07-14 19:26:15 | INFO     | __main__:main:249 - Run once: True
2026-07-14 19:26:15 | INFO     | __main__:main:250 - ==================================================
2026-07-14 19:26:15 | INFO     | __main__:run_cycle:213 - ────────────────────────────────────────
2026-07-14 19:26:15 | INFO     | __main__:run_cycle:214 - PHASE 1: Check replies & process negotiations
2026-07-14 19:26:15 | INFO     | __main__:run_cycle:215 - ────────────────────────────────────────
2026-07-14 19:26:15 | INFO     | __main__:run_reply_cycle:106 - Found 0 candidate conversations to check for replies
2026-07-14 19:26:15 | INFO     | __main__:run_cycle:218 - ────────────────────────────────────────
2026-07-14 19:26:15 | INFO     | __main__:run_cycle:219 - PHASE 2: Send reminders for stale conversations
2026-07-14 19:26:15 | INFO     | __main__:run_cycle:220 - ────────────────────────────────────────
2026-07-14 19:26:38 | INFO     | __main__:main:245 - ==================================================
2026-07-14 19:26:38 | INFO     | __main__:main:246 - Autonomous Campaign Runner
2026-07-14 19:26:38 | INFO     | __main__:main:247 - Mode: DRY-RUN
2026-07-14 19:26:38 | INFO     | __main__:main:248 - Interval: 300s
2026-07-14 19:26:38 | INFO     | __main__:main:249 - Run once: True
2026-07-14 19:26:38 | INFO     | __main__:main:250 - ==================================================
2026-07-14 19:26:38 | INFO     | __main__:run_cycle:213 - ────────────────────────────────────────
2026-07-14 19:26:38 | INFO     | __main__:run_cycle:214 - PHASE 1: Check replies & process negotiations
2026-07-14 19:26:38 | INFO     | __main__:run_cycle:215 - ────────────────────────────────────────
2026-07-14 19:26:38 | INFO     | __main__:run_reply_cycle:106 - Found 0 candidate conversations to check for replies
2026-07-14 19:26:38 | INFO     | __main__:run_cycle:218 - ────────────────────────────────────────
2026-07-14 19:26:38 | INFO     | __main__:run_cycle:219 - PHASE 2: Send reminders for stale conversations
2026-07-14 19:26:38 | INFO     | __main__:run_cycle:220 - ────────────────────────────────────────
2026-07-14 19:26:38 | INFO     | __main__:send_reminders:54 - Found 0 stale conversations needing reminders
2026-07-14 19:26:38 | INFO     | __main__:run_cycle:229 - ────────────────────────────────────────
2026-07-14 19:26:38 | INFO     | __main__:run_cycle:230 - CYCLE COMPLETE: {"timestamp": "2026-07-14T19:26:38.490711", "replies": {"checked": 0, "new_replies": 0, "counter_offers_sent": 0, "accepted": 0, "contracts_generated": 0}, "reminders": {"checked": 0, "sent": 0, "failed": 0}}
2026-07-14 19:26:38 | INFO     | __main__:run_cycle:231 - ────────────────────────────────────────
